 1977  chmod o-x gyumi.txt 
 1978  ls -l
 1979  chmod g+w gyumi.txt 
 1980  ls -l
 1981  /sbin/ifconfig 
 1982  ifconfig 
 1983  dmesg
 1984  clear
 1985  cat /proc/sys/kernel/pid_max
 1986  ulimit
 1987  ps ax
 1988  kill -l
 1989  pstree
 1990  echo I'm $0
 1991  wf rvqrf
 1992  echo "I'm $0"
 1993  echo "I'm $0 writting $1" fuuuuck
 1994  echo "I'm $0 writting $1 $2" fuuuuck pewfvpe
 1995  $0
 1996  ls -l
 1997  cd Projekt/
 1998  ls -l
 1999  mk dir teszt
 2000  mkdir teszt
 2001  cd teszt/
 2002  git clone git@github.com:VicziTomi/0311teszt.git
 2003  ls -l
 2004  ls -la
 2005  cd 0311teszt/
 2006  ls -l
 2007  ls -la
 2008  git push
 2009  git checkout -b datatype
 2010  git checkout datatype 
 2011  git push
 2012  git push -u origin datatype 
 2013  touch datatype.txt
 2014  git add .
 2015  git commit -m "first task"
 2016  git push
 2017  git checkout -b paste
 2018  git push - origin paste 
 2019  git push -u origin paste 
 2020  git status
 2021  touch paste.txt
 2022  git add .
 2023  git commit -m "second task"
 2024  git push
 2025  git checkout -b add
 2026  git push -u origin add
 2027  touch add.txt
 2028  git add .
 2029  git commit -m "third task"
 2030  git push
 2031  git checkout -b count
 2032  git push -u origin count 
 2033  touch count.txt
 2034  git add .
 2035  git commit -m "4th task"
 2036  git push
 2037  git checkout -b switch
 2038  git push -u origin switch 
 2039  touch switch.txt
 2040  git add .
 2041  git commit -m "5th task"
 2042  git push
 2043  git checkout -b unio
 2044  git push -u origin unio 
 2045  touch unio.txt
 2046  git add .
 2047  git commit -m "6th task"
 2048  git push
 2049  git status
 2050  git checkout master
 2051  touch .gitignore
 2052  git status
 2053  git add .
 2054  git commit -m "gitignore"
 2055  git push
 2056  cat /node_modules > .gitignore
 2057  cat node_modules > .gitignore
 2058  cat "node_modules" > .gitignore
 2059  cat 'node_modules' > .gitignore
 2060  echo "node_modules" > .gitignore
 2061  ls -l
 2062  git status
 2063  git add .gitignore 
 2064  git commit -m "gitignore extended"
 2065  git push
 2066  echo ".env" >> .gitignore
 2067  cat .gitignore
 2068  git add .gitignore 
 2069  git commit -m "gitignore 2nd extended"
 2070  git push
 2071  history
 2072  history less
 2073  history less 100
 2074  history more
 2075  history 100
 2076  history 100 > history.log
